2025-08-09 19:33:29.309 AUDIT INFO  projectNew | New Program | project=<unsaved> action=newProject node= auditAction=projectNew
2025-08-09 19:34:00.502 AUDIT INFO  asyncSuccess | Opening | project= action=async:Opening node=New Program auditAction=asyncSuccess
2025-08-09 19:48:46.958 AUDIT INFO  commandExecute | Move ProjectA to Other | project= action=execute:Move ProjectA to Other node= auditAction=commandExecute
2025-08-09 19:49:10.716 AUDIT INFO  commandExecute | Move ProjectA to Other | project= action=execute:Move ProjectA to Other node= auditAction=commandExecute
2025-08-09 19:49:37.341 AUDIT INFO  commandExecute | Move P to B | project= action=execute:Move P to B node= auditAction=commandExecute
2025-08-09 19:56:02.678 AUDIT INFO  commandExecute | Move P to B | project= action=execute:Move P to B node= auditAction=commandExecute
2025-08-09 19:56:02.678 AUDIT INFO  commandUndo | Move P to B | project= action=undo:Move P to B node= auditAction=commandUndo
2025-08-09 19:56:02.679 AUDIT INFO  commandRedo | Move P to B | project= action=redo:Move P to B node= auditAction=commandRedo
2025-08-09 19:56:19.089 AUDIT INFO  commandExecute | Move P to B | project= action=execute:Move P to B node= auditAction=commandExecute
2025-08-09 19:56:19.090 AUDIT INFO  commandUndo | Move P to B | project= action=undo:Move P to B node= auditAction=commandUndo
2025-08-09 19:56:19.090 AUDIT INFO  commandRedo | Move P to B | project= action=redo:Move P to B node= auditAction=commandRedo
2025-08-09 19:56:30.154 AUDIT INFO  commandExecute | Move P to B | project= action=execute:Move P to B node= auditAction=commandExecute
2025-08-09 19:56:30.155 AUDIT INFO  commandUndo | Move P to B | project= action=undo:Move P to B node= auditAction=commandUndo
2025-08-09 19:56:30.155 AUDIT INFO  commandRedo | Move P to B | project= action=redo:Move P to B node= auditAction=commandRedo
2025-08-09 20:02:48.013 AUDIT INFO  commandExecute | Move P to B | project= action=execute:Move P to B node= auditAction=commandExecute
2025-08-09 20:02:48.014 AUDIT INFO  nodeMove | Move P to B | project= action=execute:Move P to B node= auditAction=nodeMove
2025-08-09 20:02:48.014 AUDIT INFO  commandUndo | Move P to B | project= action=undo:Move P to B node= auditAction=commandUndo
2025-08-09 20:02:48.014 AUDIT INFO  commandRedo | Move P to B | project= action=redo:Move P to B node= auditAction=commandRedo
2025-08-09 20:03:38.328 AUDIT INFO  projectNew | New Program | project=<unsaved> action=newProject node= auditAction=projectNew
2025-08-09 20:03:44.464 AUDIT INFO  asyncSuccess | Opening | project= action=async:Opening node=New Program auditAction=asyncSuccess
2025-08-09 20:04:07.988 AUDIT INFO  commandExecute | Paste Subject | project= action=execute:Paste Subject node=Aspect auditAction=commandExecute
2025-08-09 20:04:08.028 AUDIT INFO  nodePaste | Subject | project= action= node=Subject auditAction=nodePaste
2025-08-09 20:04:13.163 AUDIT INFO  projectNew | New Program | project=<unsaved> action=newProject node= auditAction=projectNew
2025-08-09 20:04:41.379 AUDIT INFO  commandExecute | Move P to B | project= action=execute:Move P to B node= auditAction=commandExecute
2025-08-09 20:04:41.380 AUDIT INFO  nodeMove | Move P to B | project= action=execute:Move P to B node= auditAction=nodeMove
2025-08-09 20:04:41.380 AUDIT INFO  commandUndo | Move P to B | project= action=undo:Move P to B node= auditAction=commandUndo
2025-08-09 20:04:41.380 AUDIT INFO  commandRedo | Move P to B | project= action=redo:Move P to B node= auditAction=commandRedo
2025-08-09 20:05:42.172 AUDIT INFO  commandExecute | Move P to B | project= action=execute:Move P to B node= auditAction=commandExecute
2025-08-09 20:05:42.173 AUDIT INFO  nodeMove | Move P to B | project= action=execute:Move P to B node= auditAction=nodeMove
2025-08-09 20:05:42.173 AUDIT INFO  commandUndo | Move P to B | project= action=undo:Move P to B node= auditAction=commandUndo
2025-08-09 20:05:42.173 AUDIT INFO  commandRedo | Move P to B | project= action=redo:Move P to B node= auditAction=commandRedo
2025-08-09 20:09:58.420 AUDIT INFO  commandExecute | Move P to B | project= action=execute:Move P to B node= auditAction=commandExecute
2025-08-09 20:09:58.420 AUDIT INFO  nodeMove | Move P to B | project= action=execute:Move P to B node= auditAction=nodeMove
2025-08-09 20:09:58.420 AUDIT INFO  commandUndo | Move P to B | project= action=undo:Move P to B node= auditAction=commandUndo
2025-08-09 20:09:58.420 AUDIT INFO  commandRedo | Move P to B | project= action=redo:Move P to B node= auditAction=commandRedo
2025-08-09 20:10:23.383 AUDIT INFO  projectNew | New Program | project=<unsaved> action=newProject node= auditAction=projectNew
2025-08-09 20:10:28.858 AUDIT INFO  asyncSuccess | Opening | project= action=async:Opening node=New Program auditAction=asyncSuccess
2025-08-09 20:10:37.049 AUDIT INFO  commandExecute | Delete Subject | project= action=execute:Delete Subject node=Subject auditAction=commandExecute
2025-08-09 20:10:42.263 AUDIT INFO  commandExecute | Delete Aspect | project= action=execute:Delete Aspect node=Aspect auditAction=commandExecute
2025-08-09 20:10:46.760 AUDIT INFO  projectNew | New Program | project=<unsaved> action=newProject node= auditAction=projectNew
2025-08-09 20:12:24.668 AUDIT INFO  asyncSuccess | Opening | project= action=async:Opening node=New Program auditAction=asyncSuccess
2025-08-09 20:13:03.977 AUDIT INFO  commandExecute | Delete Activity | project= action=execute:Delete Activity node=Activity auditAction=commandExecute
2025-08-09 20:13:05.872 AUDIT INFO  commandUndo | Delete Activity | project= action=undo:Delete Activity node=Subject auditAction=commandUndo
2025-08-09 20:29:20.472 AUDIT INFO  commandExecute | Move P to B | project= action=execute:Move P to B node= auditAction=commandExecute
2025-08-09 20:29:20.472 AUDIT INFO  nodeMove | Move P to B | project= action=execute:Move P to B node= auditAction=nodeMove
2025-08-09 20:29:20.473 AUDIT INFO  commandUndo | Move P to B | project= action=undo:Move P to B node= auditAction=commandUndo
2025-08-09 20:29:20.473 AUDIT INFO  commandRedo | Move P to B | project= action=redo:Move P to B node= auditAction=commandRedo
2025-08-09 20:30:02.493 AUDIT INFO  projectNew | New Program | project=<unsaved> action=newProject node= auditAction=projectNew
2025-08-09 20:30:07.786 AUDIT INFO  asyncSuccess | Opening | project= action=async:Opening node=New Program auditAction=asyncSuccess
2025-08-09 20:30:20.010 AUDIT INFO  commandExecute | Delete Activity | project= action=execute:Delete Activity node=Activity auditAction=commandExecute
2025-08-09 20:30:24.797 AUDIT INFO  commandExecute | Delete Activity | project= action=execute:Delete Activity node=Activity auditAction=commandExecute
2025-08-09 20:30:59.288 AUDIT INFO  projectSaveAs | features.fddi | project=/Users/vds/Desktop/features.fddi action=saveAsProject node= auditAction=projectSaveAs
2025-08-09 20:30:59.292 AUDIT INFO  projectNew | New Program | project=<unsaved> action=newProject node= auditAction=projectNew
2025-08-09 20:31:03.551 AUDIT INFO  asyncSuccess | Opening | project= action=async:Opening node=New Program auditAction=asyncSuccess
2025-08-09 20:31:09.575 AUDIT INFO  asyncSuccess | Opening | project= action=async:Opening node=New Program auditAction=asyncSuccess
2025-08-09 20:31:37.641 AUDIT INFO  commandExecute | Move P to B | project= action=execute:Move P to B node= auditAction=commandExecute
2025-08-09 20:31:37.642 AUDIT INFO  nodeMove | Move P to B | project= action=execute:Move P to B node= auditAction=nodeMove
2025-08-09 20:31:37.642 AUDIT INFO  commandUndo | Move P to B | project= action=undo:Move P to B node= auditAction=commandUndo
2025-08-09 20:31:37.642 AUDIT INFO  commandRedo | Move P to B | project= action=redo:Move P to B node= auditAction=commandRedo
2025-08-09 20:43:55.404 AUDIT INFO  commandExecute | Add Project to New Program | project= action=execute:Add Project to New Program node=New Program auditAction=commandExecute
2025-08-09 20:43:59.210 AUDIT INFO  commandExecute | Add Aspect to New Project | project= action=execute:Add Aspect to New Project node=New Project auditAction=commandExecute
2025-08-09 20:44:02.263 AUDIT INFO  commandExecute | Add Subject to New Aspect | project= action=execute:Add Subject to New Aspect node=New Aspect auditAction=commandExecute
2025-08-09 20:44:05.864 AUDIT INFO  commandExecute | Add Activity to New Subject | project= action=execute:Add Activity to New Subject node=New Subject auditAction=commandExecute
2025-08-09 20:44:10.238 AUDIT INFO  commandExecute | Add Feature to New Activity | project= action=execute:Add Feature to New Activity node=New Activity auditAction=commandExecute
2025-08-09 20:44:20.408 AUDIT INFO  commandExecute | Add Feature to New Activity | project= action=execute:Add Feature to New Activity node=New Activity auditAction=commandExecute
2025-08-09 20:44:27.044 AUDIT INFO  commandExecute | Paste New Project | project= action=execute:Paste New Project node=New Program auditAction=commandExecute
2025-08-09 20:44:27.051 AUDIT INFO  nodePaste | Project | project= action= node=New Project auditAction=nodePaste
2025-08-09 20:44:29.642 AUDIT INFO  commandExecute | Paste New Project | project= action=execute:Paste New Project node=New Program auditAction=commandExecute
2025-08-09 20:44:29.651 AUDIT INFO  nodePaste | Project | project= action= node=New Project auditAction=nodePaste
2025-08-09 20:44:32.894 AUDIT INFO  commandExecute | Paste New Project | project= action=execute:Paste New Project node=New Program auditAction=commandExecute
2025-08-09 20:44:32.900 AUDIT INFO  nodePaste | Project | project= action= node=New Project auditAction=nodePaste
2025-08-09 20:46:27.659 AUDIT INFO  commandExecute | Move P to B | project= action=execute:Move P to B node= auditAction=commandExecute
2025-08-09 20:46:27.660 AUDIT INFO  nodeMove | Move P to B | project= action=execute:Move P to B node= auditAction=nodeMove
2025-08-09 20:46:27.660 AUDIT INFO  commandUndo | Move P to B | project= action=undo:Move P to B node= auditAction=commandUndo
2025-08-09 20:46:27.660 AUDIT INFO  commandRedo | Move P to B | project= action=redo:Move P to B node= auditAction=commandRedo
2025-08-09 20:46:40.773 AUDIT INFO  projectNew | New Program | project=<unsaved> action=newProject node= auditAction=projectNew
2025-08-09 20:46:46.696 AUDIT INFO  asyncCancelled | Opening | project= action=async:Opening node=New Program auditAction=asyncCancelled
2025-08-09 20:46:54.542 AUDIT INFO  commandExecute | Add Project to New Program | project= action=execute:Add Project to New Program node=New Program auditAction=commandExecute
2025-08-09 20:46:57.659 AUDIT INFO  commandExecute | Add Aspect to New Project | project= action=execute:Add Aspect to New Project node=New Project auditAction=commandExecute
2025-08-09 20:47:00.529 AUDIT INFO  commandExecute | Add Subject to New Aspect | project= action=execute:Add Subject to New Aspect node=New Aspect auditAction=commandExecute
2025-08-09 20:47:04.163 AUDIT INFO  commandExecute | Add Activity to New Subject | project= action=execute:Add Activity to New Subject node=New Subject auditAction=commandExecute
2025-08-09 20:47:07.112 AUDIT INFO  commandExecute | Add Feature to New Activity | project= action=execute:Add Feature to New Activity node=New Activity auditAction=commandExecute
2025-08-09 20:47:12.280 AUDIT INFO  commandExecute | Add Feature to New Activity | project= action=execute:Add Feature to New Activity node=New Activity auditAction=commandExecute
2025-08-09 20:47:17.136 AUDIT INFO  commandExecute | Add Feature to New Activity | project= action=execute:Add Feature to New Activity node=New Activity auditAction=commandExecute
2025-08-09 20:50:24.846 AUDIT INFO  asyncCancelled | Saving | project= action=async:Saving node=New Feature auditAction=asyncCancelled
2025-08-09 20:52:31.166 AUDIT INFO  projectNew | New Program | project=<unsaved> action=newProject node= auditAction=projectNew
2025-08-09 20:52:35.828 AUDIT INFO  asyncCancelled | Opening | project= action=async:Opening node=New Program auditAction=asyncCancelled
2025-08-09 21:09:01.921 AUDIT INFO  projectNew | New Program | project=<unsaved> action=newProject node= auditAction=projectNew
2025-08-09 21:10:26.404 AUDIT INFO  projectNew | New Program | project=<unsaved> action=newProject node= auditAction=projectNew
2025-08-09 21:10:43.677 AUDIT INFO  projectNew | New Program | project=<unsaved> action=newProject node= auditAction=projectNew
2025-08-09 21:11:29.959 AUDIT INFO  projectNew | New Program | project=<unsaved> action=newProject node= auditAction=projectNew
2025-08-09 21:11:43.592 AUDIT INFO  projectNew | New Program | project=<unsaved> action=newProject node= auditAction=projectNew
2025-08-09 21:14:15.888 AUDIT INFO  projectNew | New Program | project=<unsaved> action=newProject node= auditAction=projectNew
2025-08-09 21:14:16.061 AUDIT INFO  projectNew | New Program | project=<unsaved> action=newProject node= auditAction=projectNew
2025-08-09 21:14:16.743 AUDIT INFO  commandExecute | Move P to B | project= action=execute:Move P to B node=X auditAction=commandExecute
2025-08-09 21:14:16.743 AUDIT INFO  nodeMove | Move P to B | project= action=execute:Move P to B node=X auditAction=nodeMove
2025-08-09 21:14:16.743 AUDIT INFO  commandUndo | Move P to B | project= action=undo:Move P to B node=X auditAction=commandUndo
2025-08-09 21:14:16.743 AUDIT INFO  commandRedo | Move P to B | project= action=redo:Move P to B node=X auditAction=commandRedo
2025-08-09 21:14:53.679 AUDIT INFO  projectNew | New Program | project=<unsaved> action=newProject node= auditAction=projectNew
2025-08-09 21:15:08.446 AUDIT INFO  projectNew | New Program | project=<unsaved> action=newProject node= auditAction=projectNew
2025-08-09 21:16:14.582 AUDIT INFO  commandExecute | Move P to B | project= action=execute:Move P to B node=X auditAction=commandExecute
2025-08-09 21:16:14.582 AUDIT INFO  nodeMove | Move P to B | project= action=execute:Move P to B node=X auditAction=nodeMove
2025-08-09 21:16:14.582 AUDIT INFO  commandUndo | Move P to B | project= action=undo:Move P to B node=X auditAction=commandUndo
2025-08-09 21:16:14.583 AUDIT INFO  commandRedo | Move P to B | project= action=redo:Move P to B node=X auditAction=commandRedo
2025-08-09 21:18:09.657 AUDIT INFO  asyncSuccess | Test | project= action=async:Test node= auditAction=asyncSuccess
2025-08-09 21:18:09.746 AUDIT INFO  asyncSuccess | Loading | project= action=async:Loading node= auditAction=asyncSuccess
2025-08-09 21:18:09.783 AUDIT INFO  asyncFailure | Fail: RuntimeException | project= action=async:Fail node= auditAction=asyncFailure
2025-08-09 21:18:09.788 AUDIT INFO  projectNew | MyProg | project=<unsaved> action=newProject node= auditAction=projectNew
2025-08-09 21:18:09.789 AUDIT INFO  projectNew | ToOpen | project=<unsaved> action=newProject node= auditAction=projectNew
2025-08-09 21:18:09.865 AUDIT INFO  projectSaveAs | projopen15812926492288574087.fddi | project=/var/folders/_p/z_z_y3qn0yl_5g7v1sybhcj00000gn/T/projopen15812926492288574087.fddi action=saveAsProject node= auditAction=projectSaveAs
2025-08-09 21:18:09.874 AUDIT INFO  projectOpen | projopen15812926492288574087.fddi | project=/var/folders/_p/z_z_y3qn0yl_5g7v1sybhcj00000gn/T/projopen15812926492288574087.fddi action=openProject node= auditAction=projectOpen
2025-08-09 21:18:09.875 AUDIT INFO  projectNew | Test | project=<unsaved> action=newProject node= auditAction=projectNew
2025-08-09 21:18:09.884 AUDIT INFO  projectSaveAs | projsvc4337732356280308232.fddi | project=/var/folders/_p/z_z_y3qn0yl_5g7v1sybhcj00000gn/T/projsvc4337732356280308232.fddi action=saveAsProject node= auditAction=projectSaveAs
2025-08-09 21:18:09.991 AUDIT INFO  projectNew | Test2 | project=<unsaved> action=newProject node= auditAction=projectNew
2025-08-09 21:18:10.003 AUDIT INFO  projectSaveAs | projsvc28528031989504206343.fddi | project=/var/folders/_p/z_z_y3qn0yl_5g7v1sybhcj00000gn/T/projsvc28528031989504206343.fddi action=saveAsProject node= auditAction=projectSaveAs
2025-08-09 21:18:10.013 AUDIT INFO  projectSave | projsvc28528031989504206343.fddi | project=/var/folders/_p/z_z_y3qn0yl_5g7v1sybhcj00000gn/T/projsvc28528031989504206343.fddi action=saveProject node= auditAction=projectSave
2025-08-09 21:18:10.014 AUDIT INFO  projectNew | X | project=<unsaved> action=newProject node= auditAction=projectNew
2025-08-09 21:18:26.978 AUDIT INFO  asyncSuccess | Test | project= action=async:Test node= auditAction=asyncSuccess
2025-08-09 21:18:27.242 AUDIT INFO  asyncSuccess | Loading | project= action=async:Loading node= auditAction=asyncSuccess
2025-08-09 21:18:27.372 AUDIT INFO  asyncFailure | Fail: RuntimeException | project= action=async:Fail node= auditAction=asyncFailure
2025-08-09 21:18:27.470 AUDIT INFO  projectNew | MyProg | project=<unsaved> action=newProject node= auditAction=projectNew
2025-08-09 21:18:27.538 AUDIT INFO  projectNew | ToOpen | project=<unsaved> action=newProject node= auditAction=projectNew
2025-08-09 21:18:28.789 AUDIT INFO  projectSaveAs | projopen5129960050313212573.fddi | project=/var/folders/_p/z_z_y3qn0yl_5g7v1sybhcj00000gn/T/projopen5129960050313212573.fddi action=saveAsProject node= auditAction=projectSaveAs
2025-08-09 21:18:28.897 AUDIT INFO  projectOpen | projopen5129960050313212573.fddi | project=/var/folders/_p/z_z_y3qn0yl_5g7v1sybhcj00000gn/T/projopen5129960050313212573.fddi action=openProject node= auditAction=projectOpen
2025-08-09 21:18:28.899 AUDIT INFO  projectNew | Test | project=<unsaved> action=newProject node= auditAction=projectNew
2025-08-09 21:18:28.969 AUDIT INFO  projectSaveAs | projsvc4308995059496028365.fddi | project=/var/folders/_p/z_z_y3qn0yl_5g7v1sybhcj00000gn/T/projsvc4308995059496028365.fddi action=saveAsProject node= auditAction=projectSaveAs
2025-08-09 21:18:29.113 AUDIT INFO  projectNew | Test2 | project=<unsaved> action=newProject node= auditAction=projectNew
2025-08-09 21:18:29.310 AUDIT INFO  projectSaveAs | projsvc21090636830575083448.fddi | project=/var/folders/_p/z_z_y3qn0yl_5g7v1sybhcj00000gn/T/projsvc21090636830575083448.fddi action=saveAsProject node= auditAction=projectSaveAs
2025-08-09 21:18:29.437 AUDIT INFO  projectSave | projsvc21090636830575083448.fddi | project=/var/folders/_p/z_z_y3qn0yl_5g7v1sybhcj00000gn/T/projsvc21090636830575083448.fddi action=saveProject node= auditAction=projectSave
2025-08-09 21:18:29.498 AUDIT INFO  projectNew | X | project=<unsaved> action=newProject node= auditAction=projectNew
2025-08-09 21:19:02.412 AUDIT INFO  projectNew | New Program | project=<unsaved> action=newProject node= auditAction=projectNew
2025-08-09 21:19:09.800 AUDIT INFO  asyncCancelled | Opening | project= action=async:Opening node=New Program auditAction=asyncCancelled
2025-08-09 21:19:51.549 AUDIT INFO  commandExecute | Add Program to New Program | project= action=execute:Add Program to New Program node=New Program auditAction=commandExecute
2025-08-09 21:19:56.348 AUDIT INFO  commandExecute | Add Project to New Program | project= action=execute:Add Project to New Program node=New Program auditAction=commandExecute
2025-08-09 21:20:01.579 AUDIT INFO  commandExecute | Add Aspect to New Project | project= action=execute:Add Aspect to New Project node=New Project auditAction=commandExecute
2025-08-09 21:21:34.168 AUDIT INFO  asyncCancelled | Saving | project= action=async:Saving node=New Aspect auditAction=asyncCancelled
2025-08-09 21:23:23.816 AUDIT INFO  asyncCancelled | Saving | project= action=async:Saving node=New Aspect auditAction=asyncCancelled
2025-08-09 21:26:04.963 AUDIT INFO  projectNew | New Program | project=<unsaved> action=newProject node= auditAction=projectNew
2025-08-09 21:33:20.942 AUDIT INFO  projectNew | New Program | project=<unsaved> action=newProject node= auditAction=projectNew
2025-08-09 21:33:21.181 AUDIT INFO  projectSaveAs | fddtest-2f756a11-f9ce-46fa-afd7-b44c4b5de5c415509577097590096912.fddi | project=/var/folders/_p/z_z_y3qn0yl_5g7v1sybhcj00000gn/T/fddtest-2f756a11-f9ce-46fa-afd7-b44c4b5de5c415509577097590096912.fddi action=saveAsProject node= auditAction=projectSaveAs
2025-08-09 21:33:21.407 AUDIT INFO  projectSave | fddtest-2f756a11-f9ce-46fa-afd7-b44c4b5de5c415509577097590096912.fddi | project=/var/folders/_p/z_z_y3qn0yl_5g7v1sybhcj00000gn/T/fddtest-2f756a11-f9ce-46fa-afd7-b44c4b5de5c415509577097590096912.fddi action=saveProject node= auditAction=projectSave
2025-08-09 21:33:21.523 AUDIT INFO  projectNew | New Program | project=<unsaved> action=newProject node= auditAction=projectNew
2025-08-09 21:34:46.189 AUDIT INFO  projectNew | New Program | project=<unsaved> action=newProject node= auditAction=projectNew
2025-08-09 21:34:55.078 AUDIT INFO  commandExecute | Add Program to New Program | project= action=execute:Add Program to New Program node=New Program auditAction=commandExecute
2025-08-09 21:35:00.294 AUDIT INFO  commandExecute | Add Project to New Program | project= action=execute:Add Project to New Program node=New Program auditAction=commandExecute
2025-08-09 21:35:03.197 AUDIT INFO  commandExecute | Add Aspect to New Project | project= action=execute:Add Aspect to New Project node=New Project auditAction=commandExecute
2025-08-09 21:35:06.156 AUDIT INFO  commandExecute | Add Subject to New Aspect | project= action=execute:Add Subject to New Aspect node=New Aspect auditAction=commandExecute
2025-08-09 21:35:09.229 AUDIT INFO  commandExecute | Add Activity to New Subject | project= action=execute:Add Activity to New Subject node=New Subject auditAction=commandExecute
2025-08-09 21:35:12.251 AUDIT INFO  commandExecute | Add Feature to New Activity | project= action=execute:Add Feature to New Activity node=New Activity auditAction=commandExecute
2025-08-09 21:35:30.813 AUDIT INFO  asyncCancelled | Saving As | project= action=async:Saving As node=New Feature auditAction=asyncCancelled
2025-08-09 21:35:57.825 AUDIT INFO  projectNew | New Program | project=<unsaved> action=newProject node= auditAction=projectNew
2025-08-09 21:35:57.963 AUDIT INFO  projectNew | New Program | project=<unsaved> action=newProject node= auditAction=projectNew
2025-08-09 21:35:58.209 AUDIT INFO  projectSaveAs | fddtest-c57c7972-12b5-46a8-a081-25c60fe9ce7d15408685464663144005.fddi | project=/var/folders/_p/z_z_y3qn0yl_5g7v1sybhcj00000gn/T/fddtest-c57c7972-12b5-46a8-a081-25c60fe9ce7d15408685464663144005.fddi action=saveAsProject node= auditAction=projectSaveAs
2025-08-09 21:35:58.441 AUDIT INFO  projectSave | fddtest-c57c7972-12b5-46a8-a081-25c60fe9ce7d15408685464663144005.fddi | project=/var/folders/_p/z_z_y3qn0yl_5g7v1sybhcj00000gn/T/fddtest-c57c7972-12b5-46a8-a081-25c60fe9ce7d15408685464663144005.fddi action=saveProject node= auditAction=projectSave
2025-08-09 21:35:58.556 AUDIT INFO  projectNew | New Program | project=<unsaved> action=newProject node= auditAction=projectNew
2025-08-09 21:35:58.731 AUDIT INFO  projectNew | New Program | project=<unsaved> action=newProject node= auditAction=projectNew
2025-08-09 21:36:16.763 AUDIT INFO  projectNew | New Program | project=<unsaved> action=newProject node= auditAction=projectNew
2025-08-09 21:36:16.779 AUDIT INFO  projectNew | New Program | project=<unsaved> action=newProject node= auditAction=projectNew
2025-08-09 21:36:17.000 AUDIT INFO  projectSaveAs | fdd-mru-a17617731970752659987.fddi | project=/var/folders/_p/z_z_y3qn0yl_5g7v1sybhcj00000gn/T/fdd-mru-a17617731970752659987.fddi action=saveAsProject node= auditAction=projectSaveAs
2025-08-09 21:36:17.006 AUDIT INFO  asyncSuccess | Saving As | project= action=async:Saving As node=New Program auditAction=asyncSuccess
2025-08-09 21:36:17.113 AUDIT INFO  projectSave | fdd-mru-a17617731970752659987.fddi | project=/var/folders/_p/z_z_y3qn0yl_5g7v1sybhcj00000gn/T/fdd-mru-a17617731970752659987.fddi action=saveProject node= auditAction=projectSave
2025-08-09 21:36:17.113 AUDIT INFO  asyncSuccess | Saving | project=/var/folders/_p/z_z_y3qn0yl_5g7v1sybhcj00000gn/T/fdd-mru-a17617731970752659987.fddi action=async:Saving node=New Program auditAction=asyncSuccess
2025-08-09 21:36:17.153 AUDIT INFO  projectNew | New Program | project=<unsaved> action=newProject node= auditAction=projectNew
2025-08-09 21:36:17.325 AUDIT INFO  projectSaveAs | fddtest-5db2c570-0163-44ba-a73c-f77b375a20953723427232100392410.fddi | project=/var/folders/_p/z_z_y3qn0yl_5g7v1sybhcj00000gn/T/fddtest-5db2c570-0163-44ba-a73c-f77b375a20953723427232100392410.fddi action=saveAsProject node= auditAction=projectSaveAs
2025-08-09 21:36:17.544 AUDIT INFO  projectSave | fddtest-5db2c570-0163-44ba-a73c-f77b375a20953723427232100392410.fddi | project=/var/folders/_p/z_z_y3qn0yl_5g7v1sybhcj00000gn/T/fddtest-5db2c570-0163-44ba-a73c-f77b375a20953723427232100392410.fddi action=saveProject node= auditAction=projectSave
2025-08-09 21:36:17.653 AUDIT INFO  projectNew | New Program | project=<unsaved> action=newProject node= auditAction=projectNew
2025-08-09 21:36:17.659 AUDIT INFO  projectNew | New Program | project=<unsaved> action=newProject node= auditAction=projectNew
2025-08-09 21:36:17.664 AUDIT INFO  projectNew | New Program | project=<unsaved> action=newProject node= auditAction=projectNew
2025-08-09 21:36:17.828 AUDIT INFO  projectNew | New Program | project=<unsaved> action=newProject node= auditAction=projectNew
2025-08-09 21:36:17.951 AUDIT INFO  projectSaveAs | fdd-mru-order-a18156735903042416872.fddi | project=/var/folders/_p/z_z_y3qn0yl_5g7v1sybhcj00000gn/T/fdd-mru-order-a18156735903042416872.fddi action=saveAsProject node= auditAction=projectSaveAs
2025-08-09 21:36:17.952 AUDIT INFO  asyncSuccess | Saving As | project= action=async:Saving As node=New Program auditAction=asyncSuccess
2025-08-09 21:36:18.095 AUDIT INFO  projectSaveAs | fdd-mru-order-b14359183002086146086.fddi | project=/var/folders/_p/z_z_y3qn0yl_5g7v1sybhcj00000gn/T/fdd-mru-order-b14359183002086146086.fddi action=saveAsProject node= auditAction=projectSaveAs
2025-08-09 21:36:18.096 AUDIT INFO  asyncSuccess | Saving As | project=/var/folders/_p/z_z_y3qn0yl_5g7v1sybhcj00000gn/T/fdd-mru-order-a18156735903042416872.fddi action=async:Saving As node=New Program auditAction=asyncSuccess
2025-08-09 21:36:30.576 AUDIT INFO  projectNew | New Program | project=<unsaved> action=newProject node= auditAction=projectNew
2025-08-09 21:37:24.132 AUDIT INFO  commandExecute | Add Project to New Program | project= action=execute:Add Project to New Program node=New Program auditAction=commandExecute
2025-08-09 21:38:28.213 AUDIT INFO  projectSaveAs | t1.fddi | project=/Users/vds/Desktop/t1.fddi action=saveAsProject node= auditAction=projectSaveAs
2025-08-09 21:38:28.221 AUDIT INFO  asyncSuccess | Saving As | project= action=async:Saving As node=New Project auditAction=asyncSuccess
2025-08-09 21:38:39.357 AUDIT INFO  projectOpen | t1.fddi | project=/Users/vds/Desktop/t1.fddi action=openProject node= auditAction=projectOpen
2025-08-09 21:38:46.417 AUDIT INFO  projectNew | New Program | project=<unsaved> action=newProject node= auditAction=projectNew
2025-08-09 21:38:50.672 AUDIT INFO  projectOpen | t1.fddi | project=/Users/vds/Desktop/t1.fddi action=openProject node= auditAction=projectOpen
2025-08-09 21:40:29.542 AUDIT INFO  commandExecute | Add Project to New Program | project=/Users/vds/Desktop/t1.fddi action=execute:Add Project to New Program node=New Program auditAction=commandExecute
2025-08-09 21:40:32.547 AUDIT INFO  commandExecute | Add Aspect to New Project | project=/Users/vds/Desktop/t1.fddi action=execute:Add Aspect to New Project node=New Project auditAction=commandExecute
2025-08-09 21:40:34.152 AUDIT INFO  asyncCancelled | Saving | project=/Users/vds/Desktop/t1.fddi action=async:Saving node=New Aspect auditAction=asyncCancelled
2025-08-09 21:42:33.837 AUDIT INFO  asyncCancelled | Saving As | project=/Users/vds/Desktop/t1.fddi action=async:Saving As node=New Aspect auditAction=asyncCancelled
2025-08-09 21:47:54.783 AUDIT INFO  projectNew | New Program | project=<unsaved> action=newProject node= auditAction=projectNew
2025-08-09 21:47:54.799 AUDIT INFO  projectNew | New Program | project=<unsaved> action=newProject node= auditAction=projectNew
2025-08-09 21:47:55.024 AUDIT INFO  projectSaveAs | fdd-mru-a12430797274407183442.fddi | project=/var/folders/_p/z_z_y3qn0yl_5g7v1sybhcj00000gn/T/fdd-mru-a12430797274407183442.fddi action=saveAsProject node= auditAction=projectSaveAs
2025-08-09 21:47:55.030 AUDIT INFO  asyncSuccess | Saving As | project= action=async:Saving As node=New Program auditAction=asyncSuccess
2025-08-09 21:47:55.148 AUDIT INFO  projectSave | fdd-mru-a12430797274407183442.fddi | project=/var/folders/_p/z_z_y3qn0yl_5g7v1sybhcj00000gn/T/fdd-mru-a12430797274407183442.fddi action=saveProject node= auditAction=projectSave
2025-08-09 21:47:55.148 AUDIT INFO  asyncSuccess | Saving | project=/var/folders/_p/z_z_y3qn0yl_5g7v1sybhcj00000gn/T/fdd-mru-a12430797274407183442.fddi action=async:Saving node=New Program auditAction=asyncSuccess
2025-08-09 21:47:55.191 AUDIT INFO  projectNew | New Program | project=<unsaved> action=newProject node= auditAction=projectNew
2025-08-09 21:47:55.369 AUDIT INFO  projectSaveAs | fddtest-fc8b8dcb-5b21-497f-9b49-4a32c71485dd7438654154637389448.fddi | project=/var/folders/_p/z_z_y3qn0yl_5g7v1sybhcj00000gn/T/fddtest-fc8b8dcb-5b21-497f-9b49-4a32c71485dd7438654154637389448.fddi action=saveAsProject node= auditAction=projectSaveAs
2025-08-09 21:47:55.592 AUDIT INFO  projectSave | fddtest-fc8b8dcb-5b21-497f-9b49-4a32c71485dd7438654154637389448.fddi | project=/var/folders/_p/z_z_y3qn0yl_5g7v1sybhcj00000gn/T/fddtest-fc8b8dcb-5b21-497f-9b49-4a32c71485dd7438654154637389448.fddi action=saveProject node= auditAction=projectSave
2025-08-09 21:47:55.710 AUDIT INFO  projectNew | New Program | project=<unsaved> action=newProject node= auditAction=projectNew
2025-08-09 21:47:55.720 AUDIT INFO  projectNew | New Program | project=<unsaved> action=newProject node= auditAction=projectNew
2025-08-09 21:47:55.728 AUDIT INFO  projectNew | New Program | project=<unsaved> action=newProject node= auditAction=projectNew
2025-08-09 21:47:55.902 AUDIT INFO  projectNew | New Program | project=<unsaved> action=newProject node= auditAction=projectNew
2025-08-09 21:47:55.910 AUDIT INFO  projectNew | New Program | project=<unsaved> action=newProject node= auditAction=projectNew
2025-08-09 21:47:56.035 AUDIT INFO  projectSaveAs | fdd-mru-order-a3709254172706056460.fddi | project=/var/folders/_p/z_z_y3qn0yl_5g7v1sybhcj00000gn/T/fdd-mru-order-a3709254172706056460.fddi action=saveAsProject node= auditAction=projectSaveAs
2025-08-09 21:47:56.036 AUDIT INFO  asyncSuccess | Saving As | project= action=async:Saving As node=New Program auditAction=asyncSuccess
2025-08-09 21:47:56.174 AUDIT INFO  projectSaveAs | fdd-mru-order-b17074215316769808731.fddi | project=/var/folders/_p/z_z_y3qn0yl_5g7v1sybhcj00000gn/T/fdd-mru-order-b17074215316769808731.fddi action=saveAsProject node= auditAction=projectSaveAs
2025-08-09 21:47:56.175 AUDIT INFO  asyncSuccess | Saving As | project=/var/folders/_p/z_z_y3qn0yl_5g7v1sybhcj00000gn/T/fdd-mru-order-a3709254172706056460.fddi action=async:Saving As node=New Program auditAction=asyncSuccess
2025-08-09 21:48:26.699 AUDIT INFO  projectNew | New Program | project=<unsaved> action=newProject node= auditAction=projectNew
2025-08-09 21:49:44.748 AUDIT INFO  projectSaveAs | t1.fddi | project=/Users/vds/Desktop/t1.fddi action=saveAsProject node= auditAction=projectSaveAs
2025-08-09 21:49:44.755 AUDIT INFO  asyncSuccess | Saving As | project= action=async:Saving As node=New Program auditAction=asyncSuccess
2025-08-09 21:50:17.086 AUDIT INFO  commandExecute | Add Project to New Program | project=/Users/vds/Desktop/t1.fddi action=execute:Add Project to New Program node=New Program auditAction=commandExecute
2025-08-09 21:50:17.741 AUDIT INFO  projectSave | t1.fddi | project=/Users/vds/Desktop/t1.fddi action=saveProject node= auditAction=projectSave
2025-08-09 21:50:17.742 AUDIT INFO  asyncSuccess | Saving | project=/Users/vds/Desktop/t1.fddi action=async:Saving node=New Project auditAction=asyncSuccess
2025-08-09 21:51:42.047 AUDIT INFO  projectSaveAs | t2.fddi | project=/Users/vds/Desktop/t2.fddi action=saveAsProject node= auditAction=projectSaveAs
2025-08-09 21:51:42.049 AUDIT INFO  asyncSuccess | Saving As | project=/Users/vds/Desktop/t1.fddi action=async:Saving As node=New Project auditAction=asyncSuccess
2025-08-09 21:52:47.837 AUDIT INFO  projectNew | New Program | project=<unsaved> action=newProject node= auditAction=projectNew
2025-08-09 21:52:55.692 AUDIT INFO  asyncSuccess | Opening | project= action=async:Opening node=New Program auditAction=asyncSuccess
2025-08-09 21:53:16.986 AUDIT INFO  projectNew | New Program | project=<unsaved> action=newProject node= auditAction=projectNew
2025-08-09 21:53:17.002 AUDIT INFO  projectNew | New Program | project=<unsaved> action=newProject node= auditAction=projectNew
2025-08-09 21:53:17.227 AUDIT INFO  projectSaveAs | fdd-mru-a5484259948396750400.fddi | project=/var/folders/_p/z_z_y3qn0yl_5g7v1sybhcj00000gn/T/fdd-mru-a5484259948396750400.fddi action=saveAsProject node= auditAction=projectSaveAs
2025-08-09 21:53:17.233 AUDIT INFO  asyncSuccess | Saving As | project= action=async:Saving As node=New Program auditAction=asyncSuccess
2025-08-09 21:53:17.341 AUDIT INFO  projectSave | fdd-mru-a5484259948396750400.fddi | project=/var/folders/_p/z_z_y3qn0yl_5g7v1sybhcj00000gn/T/fdd-mru-a5484259948396750400.fddi action=saveProject node= auditAction=projectSave
2025-08-09 21:53:17.341 AUDIT INFO  asyncSuccess | Saving | project=/var/folders/_p/z_z_y3qn0yl_5g7v1sybhcj00000gn/T/fdd-mru-a5484259948396750400.fddi action=async:Saving node=New Program auditAction=asyncSuccess
2025-08-09 21:53:17.386 AUDIT INFO  projectNew | New Program | project=<unsaved> action=newProject node= auditAction=projectNew
2025-08-09 21:53:17.553 AUDIT INFO  projectSaveAs | fddtest-d082a3f8-c04c-4a2b-9306-f2853941ec132416353984308717661.fddi | project=/var/folders/_p/z_z_y3qn0yl_5g7v1sybhcj00000gn/T/fddtest-d082a3f8-c04c-4a2b-9306-f2853941ec132416353984308717661.fddi action=saveAsProject node= auditAction=projectSaveAs
2025-08-09 21:53:17.772 AUDIT INFO  projectSave | fddtest-d082a3f8-c04c-4a2b-9306-f2853941ec132416353984308717661.fddi | project=/var/folders/_p/z_z_y3qn0yl_5g7v1sybhcj00000gn/T/fddtest-d082a3f8-c04c-4a2b-9306-f2853941ec132416353984308717661.fddi action=saveProject node= auditAction=projectSave
2025-08-09 21:53:17.883 AUDIT INFO  projectNew | New Program | project=<unsaved> action=newProject node= auditAction=projectNew
2025-08-09 21:53:17.890 AUDIT INFO  projectNew | New Program | project=<unsaved> action=newProject node= auditAction=projectNew
2025-08-09 21:53:17.896 AUDIT INFO  projectNew | New Program | project=<unsaved> action=newProject node= auditAction=projectNew
2025-08-09 21:53:18.061 AUDIT INFO  projectNew | New Program | project=<unsaved> action=newProject node= auditAction=projectNew
2025-08-09 21:53:18.069 AUDIT INFO  projectNew | New Program | project=<unsaved> action=newProject node= auditAction=projectNew
2025-08-09 21:53:18.192 AUDIT INFO  projectSaveAs | fdd-mru-order-a8411537249171631448.fddi | project=/var/folders/_p/z_z_y3qn0yl_5g7v1sybhcj00000gn/T/fdd-mru-order-a8411537249171631448.fddi action=saveAsProject node= auditAction=projectSaveAs
2025-08-09 21:53:18.193 AUDIT INFO  asyncSuccess | Saving As | project= action=async:Saving As node=New Program auditAction=asyncSuccess
2025-08-09 21:53:18.325 AUDIT INFO  projectSaveAs | fdd-mru-order-b3133456791496718696.fddi | project=/var/folders/_p/z_z_y3qn0yl_5g7v1sybhcj00000gn/T/fdd-mru-order-b3133456791496718696.fddi action=saveAsProject node= auditAction=projectSaveAs
2025-08-09 21:53:18.326 AUDIT INFO  asyncSuccess | Saving As | project=/var/folders/_p/z_z_y3qn0yl_5g7v1sybhcj00000gn/T/fdd-mru-order-a8411537249171631448.fddi action=async:Saving As node=New Program auditAction=asyncSuccess
2025-08-09 21:53:51.744 AUDIT INFO  projectNew | New Program | project=<unsaved> action=newProject node= auditAction=projectNew
2025-08-09 21:54:05.376 AUDIT INFO  commandExecute | Edit Program | project= action=execute:Edit Program node=New Program auditAction=commandExecute
2025-08-09 21:55:58.855 AUDIT INFO  commandExecute | Add Project to FDD Tools | project= action=execute:Add Project to FDD Tools node=FDD Tools auditAction=commandExecute
2025-08-09 21:56:20.981 AUDIT INFO  commandExecute | Add Aspect to FDD Tools - Java FX Version | project= action=execute:Add Aspect to FDD Tools - Java FX Version node=FDD Tools - Java FX Version auditAction=commandExecute
2025-08-09 21:56:37.953 AUDIT INFO  commandExecute | Add Subject to Java FX conversion | project= action=execute:Add Subject to Java FX conversion node=Java FX conversion auditAction=commandExecute
2025-08-09 21:56:51.777 AUDIT INFO  commandExecute | Add Activity to JavaFX UI | project= action=execute:Add Activity to JavaFX UI node=JavaFX UI auditAction=commandExecute
2025-08-09 21:57:10.860 AUDIT INFO  commandExecute | Add Feature to Refactoring UI | project= action=execute:Add Feature to Refactoring UI node=Refactoring UI auditAction=commandExecute
2025-08-09 21:57:17.092 AUDIT INFO  commandExecute | Add Work Package 'New Work Package' | project= action=execute:Add Work Package 'New Work Package' node=FDD Tools - Java FX Version auditAction=commandExecute
2025-08-09 21:57:20.824 AUDIT INFO  commandExecute | Rename Work Package to 'WP1' | project= action=execute:Rename Work Package to 'WP1' node=FDD Tools - Java FX Version auditAction=commandExecute
2025-08-09 21:57:33.554 AUDIT INFO  commandExecute | Edit Feature | project= action=execute:Edit Feature node=Edit auditAction=commandExecute
2025-08-09 21:57:44.544 AUDIT INFO  projectSaveAs | features.fddi | project=/Users/vds/Desktop/features.fddi action=saveAsProject node= auditAction=projectSaveAs
2025-08-09 21:57:44.553 AUDIT INFO  asyncSuccess | Saving As | project= action=async:Saving As node=Edit auditAction=asyncSuccess
2025-08-09 21:57:50.675 AUDIT INFO  projectNew | New Program | project=<unsaved> action=newProject node= auditAction=projectNew
2025-08-09 21:58:00.824 AUDIT INFO  projectOpen | features.fddi | project=/Users/vds/Desktop/features.fddi action=openProject node= auditAction=projectOpen
2025-08-09 21:58:17.110 AUDIT INFO  projectNew | New Program | project=<unsaved> action=newProject node= auditAction=projectNew
2025-08-09 21:58:23.720 AUDIT INFO  commandExecute | Edit Program | project= action=execute:Edit Program node=New Program auditAction=commandExecute
2025-08-09 22:01:57.633 AUDIT INFO  projectNew | New Program | project=<unsaved> action=newProject node= auditAction=projectNew
2025-08-09 22:01:57.650 AUDIT INFO  projectNew | New Program | project=<unsaved> action=newProject node= auditAction=projectNew
2025-08-09 22:01:57.873 AUDIT INFO  projectSaveAs | fdd-mru-a15025013198187003445.fddi | project=/var/folders/_p/z_z_y3qn0yl_5g7v1sybhcj00000gn/T/fdd-mru-a15025013198187003445.fddi action=saveAsProject node= auditAction=projectSaveAs
2025-08-09 22:01:57.879 AUDIT INFO  asyncSuccess | Saving As | project= action=async:Saving As node=New Program auditAction=asyncSuccess
2025-08-09 22:01:57.994 AUDIT INFO  projectSave | fdd-mru-a15025013198187003445.fddi | project=/var/folders/_p/z_z_y3qn0yl_5g7v1sybhcj00000gn/T/fdd-mru-a15025013198187003445.fddi action=saveProject node= auditAction=projectSave
2025-08-09 22:01:57.994 AUDIT INFO  asyncSuccess | Saving | project=/var/folders/_p/z_z_y3qn0yl_5g7v1sybhcj00000gn/T/fdd-mru-a15025013198187003445.fddi action=async:Saving node=New Program auditAction=asyncSuccess
2025-08-09 22:01:58.038 AUDIT INFO  projectNew | New Program | project=<unsaved> action=newProject node= auditAction=projectNew
2025-08-09 22:01:58.204 AUDIT INFO  projectSaveAs | fddtest-3b8ca45d-9056-42a2-9b11-4226f5c96ca912221174971401027355.fddi | project=/var/folders/_p/z_z_y3qn0yl_5g7v1sybhcj00000gn/T/fddtest-3b8ca45d-9056-42a2-9b11-4226f5c96ca912221174971401027355.fddi action=saveAsProject node= auditAction=projectSaveAs
2025-08-09 22:01:58.419 AUDIT INFO  projectSave | fddtest-3b8ca45d-9056-42a2-9b11-4226f5c96ca912221174971401027355.fddi | project=/var/folders/_p/z_z_y3qn0yl_5g7v1sybhcj00000gn/T/fddtest-3b8ca45d-9056-42a2-9b11-4226f5c96ca912221174971401027355.fddi action=saveProject node= auditAction=projectSave
2025-08-09 22:01:58.534 AUDIT INFO  projectNew | New Program | project=<unsaved> action=newProject node= auditAction=projectNew
2025-08-09 22:01:58.543 AUDIT INFO  projectNew | New Program | project=<unsaved> action=newProject node= auditAction=projectNew
2025-08-09 22:01:58.550 AUDIT INFO  projectNew | New Program | project=<unsaved> action=newProject node= auditAction=projectNew
2025-08-09 22:01:58.711 AUDIT INFO  projectNew | New Program | project=<unsaved> action=newProject node= auditAction=projectNew
2025-08-09 22:01:58.717 AUDIT INFO  projectNew | New Program | project=<unsaved> action=newProject node= auditAction=projectNew
2025-08-09 22:01:58.838 AUDIT INFO  projectSaveAs | fdd-mru-order-a10906825385626900370.fddi | project=/var/folders/_p/z_z_y3qn0yl_5g7v1sybhcj00000gn/T/fdd-mru-order-a10906825385626900370.fddi action=saveAsProject node= auditAction=projectSaveAs
2025-08-09 22:01:58.839 AUDIT INFO  asyncSuccess | Saving As | project= action=async:Saving As node=New Program auditAction=asyncSuccess
2025-08-09 22:01:58.976 AUDIT INFO  projectSaveAs | fdd-mru-order-b3260713817660700108.fddi | project=/var/folders/_p/z_z_y3qn0yl_5g7v1sybhcj00000gn/T/fdd-mru-order-b3260713817660700108.fddi action=saveAsProject node= auditAction=projectSaveAs
2025-08-09 22:01:58.977 AUDIT INFO  asyncSuccess | Saving As | project=/var/folders/_p/z_z_y3qn0yl_5g7v1sybhcj00000gn/T/fdd-mru-order-a10906825385626900370.fddi action=async:Saving As node=New Program auditAction=asyncSuccess
2025-08-09 22:02:42.787 AUDIT INFO  projectNew | New Program | project=<unsaved> action=newProject node= auditAction=projectNew
2025-08-09 22:02:49.468 AUDIT INFO  asyncSuccess | Opening | project= action=async:Opening node=New Program auditAction=asyncSuccess
2025-08-09 22:03:00.710 AUDIT INFO  commandExecute | Add Feature to Refactoring UI | project= action=execute:Add Feature to Refactoring UI node=Refactoring UI auditAction=commandExecute
2025-08-09 22:07:14.921 AUDIT INFO  commandExecute | Add Work Package 'New Work Package' | project= action=execute:Add Work Package 'New Work Package' node=FDD Tools auditAction=commandExecute
2025-08-09 22:07:18.285 AUDIT INFO  commandExecute | Rename Work Package to 'WP1' | project= action=execute:Rename Work Package to 'WP1' node=FDD Tools auditAction=commandExecute
2025-08-09 22:07:19.650 AUDIT INFO  commandExecute | Add Project to FDD Tools | project= action=execute:Add Project to FDD Tools node=FDD Tools auditAction=commandExecute
2025-08-09 22:07:44.606 AUDIT INFO  commandExecute | Add Aspect to FDD Tools - Swift/SwiftUI Version | project= action=execute:Add Aspect to FDD Tools - Swift/SwiftUI Version node=FDD Tools - Swift/SwiftUI Version auditAction=commandExecute
2025-08-09 22:07:55.988 AUDIT INFO  commandExecute | Add Subject to Swift/Swift UI Implementation | project= action=execute:Add Subject to Swift/Swift UI Implementation node=Swift/Swift UI Implementation auditAction=commandExecute
2025-08-09 22:08:02.894 AUDIT INFO  commandExecute | Add Activity to SwiftUI | project= action=execute:Add Activity to SwiftUI node=SwiftUI auditAction=commandExecute
2025-08-09 22:08:24.749 AUDIT INFO  commandExecute | Add Feature to Build UI | project= action=execute:Add Feature to Build UI node=Build UI auditAction=commandExecute
2025-08-09 22:09:02.640 AUDIT INFO  projectSaveAs | features.fddi | project=/Users/vds/Desktop/features.fddi action=saveAsProject node= auditAction=projectSaveAs
2025-08-09 22:09:02.644 AUDIT INFO  asyncSuccess | Saving As | project= action=async:Saving As node=FDD Tools auditAction=asyncSuccess
2025-08-09 22:09:12.980 AUDIT INFO  projectNew | New Program | project=<unsaved> action=newProject node= auditAction=projectNew
2025-08-09 22:09:17.695 AUDIT INFO  projectOpen | features.fddi | project=/Users/vds/Desktop/features.fddi action=openProject node= auditAction=projectOpen
2025-08-09 22:09:44.642 AUDIT INFO  projectNew | New Program | project=<unsaved> action=newProject node= auditAction=projectNew
2025-08-09 22:09:44.659 AUDIT INFO  projectNew | New Program | project=<unsaved> action=newProject node= auditAction=projectNew
2025-08-09 22:09:44.883 AUDIT INFO  projectSaveAs | fdd-mru-a5758378286865496313.fddi | project=/var/folders/_p/z_z_y3qn0yl_5g7v1sybhcj00000gn/T/fdd-mru-a5758378286865496313.fddi action=saveAsProject node= auditAction=projectSaveAs
2025-08-09 22:09:44.887 AUDIT INFO  asyncSuccess | Saving As | project= action=async:Saving As node=New Program auditAction=asyncSuccess
2025-08-09 22:09:45.002 AUDIT INFO  projectSave | fdd-mru-a5758378286865496313.fddi | project=/var/folders/_p/z_z_y3qn0yl_5g7v1sybhcj00000gn/T/fdd-mru-a5758378286865496313.fddi action=saveProject node= auditAction=projectSave
2025-08-09 22:09:45.002 AUDIT INFO  asyncSuccess | Saving | project=/var/folders/_p/z_z_y3qn0yl_5g7v1sybhcj00000gn/T/fdd-mru-a5758378286865496313.fddi action=async:Saving node=New Program auditAction=asyncSuccess
2025-08-09 22:09:45.047 AUDIT INFO  projectNew | New Program | project=<unsaved> action=newProject node= auditAction=projectNew
2025-08-09 22:09:45.216 AUDIT INFO  projectSaveAs | fddtest-2c611453-4175-4981-99d8-4d654e1c800d7608546181152484280.fddi | project=/var/folders/_p/z_z_y3qn0yl_5g7v1sybhcj00000gn/T/fddtest-2c611453-4175-4981-99d8-4d654e1c800d7608546181152484280.fddi action=saveAsProject node= auditAction=projectSaveAs
2025-08-09 22:09:45.448 AUDIT INFO  projectSave | fddtest-2c611453-4175-4981-99d8-4d654e1c800d7608546181152484280.fddi | project=/var/folders/_p/z_z_y3qn0yl_5g7v1sybhcj00000gn/T/fddtest-2c611453-4175-4981-99d8-4d654e1c800d7608546181152484280.fddi action=saveProject node= auditAction=projectSave
2025-08-09 22:09:45.562 AUDIT INFO  projectNew | New Program | project=<unsaved> action=newProject node= auditAction=projectNew
2025-08-09 22:09:45.714 AUDIT INFO  projectSaveAs | fdd-open-silent17728077657466630693.fddi | project=/var/folders/_p/z_z_y3qn0yl_5g7v1sybhcj00000gn/T/fdd-open-silent17728077657466630693.fddi action=saveAsProject node= auditAction=projectSaveAs
2025-08-09 22:09:45.715 AUDIT INFO  asyncSuccess | Saving As | project= action=async:Saving As node=New Program auditAction=asyncSuccess
2025-08-09 22:09:45.753 AUDIT INFO  projectOpen | fdd-open-silent17728077657466630693.fddi | project=/var/folders/_p/z_z_y3qn0yl_5g7v1sybhcj00000gn/T/fdd-open-silent17728077657466630693.fddi action=openProject node= auditAction=projectOpen
2025-08-09 22:09:45.881 AUDIT INFO  projectSave | fdd-open-silent17728077657466630693.fddi | project=/var/folders/_p/z_z_y3qn0yl_5g7v1sybhcj00000gn/T/fdd-open-silent17728077657466630693.fddi action=saveProject node= auditAction=projectSave
2025-08-09 22:09:45.882 AUDIT INFO  asyncSuccess | Saving | project=/var/folders/_p/z_z_y3qn0yl_5g7v1sybhcj00000gn/T/fdd-open-silent17728077657466630693.fddi action=async:Saving node=New Program auditAction=asyncSuccess
2025-08-09 22:09:45.924 AUDIT INFO  projectNew | New Program | project=<unsaved> action=newProject node= auditAction=projectNew
2025-08-09 22:09:45.933 AUDIT INFO  projectNew | New Program | project=<unsaved> action=newProject node= auditAction=projectNew
2025-08-09 22:09:45.939 AUDIT INFO  projectNew | New Program | project=<unsaved> action=newProject node= auditAction=projectNew
2025-08-09 22:09:46.105 AUDIT INFO  projectNew | New Program | project=<unsaved> action=newProject node= auditAction=projectNew
2025-08-09 22:09:46.114 AUDIT INFO  projectNew | New Program | project=<unsaved> action=newProject node= auditAction=projectNew
2025-08-09 22:09:46.239 AUDIT INFO  projectSaveAs | fdd-mru-order-a17494525862538657807.fddi | project=/var/folders/_p/z_z_y3qn0yl_5g7v1sybhcj00000gn/T/fdd-mru-order-a17494525862538657807.fddi action=saveAsProject node= auditAction=projectSaveAs
2025-08-09 22:09:46.240 AUDIT INFO  asyncSuccess | Saving As | project= action=async:Saving As node=New Program auditAction=asyncSuccess
2025-08-09 22:09:46.380 AUDIT INFO  projectSaveAs | fdd-mru-order-b83152733171825089.fddi | project=/var/folders/_p/z_z_y3qn0yl_5g7v1sybhcj00000gn/T/fdd-mru-order-b83152733171825089.fddi action=saveAsProject node= auditAction=projectSaveAs
2025-08-09 22:09:46.382 AUDIT INFO  asyncSuccess | Saving As | project=/var/folders/_p/z_z_y3qn0yl_5g7v1sybhcj00000gn/T/fdd-mru-order-a17494525862538657807.fddi action=async:Saving As node=New Program auditAction=asyncSuccess
2025-08-09 22:11:45.032 AUDIT INFO  projectNew | New Program | project=<unsaved> action=newProject node= auditAction=projectNew
2025-08-09 22:11:45.049 AUDIT INFO  projectNew | New Program | project=<unsaved> action=newProject node= auditAction=projectNew
2025-08-09 22:11:45.274 AUDIT INFO  projectSaveAs | fdd-mru-a12625607328283949513.fddi | project=/var/folders/_p/z_z_y3qn0yl_5g7v1sybhcj00000gn/T/fdd-mru-a12625607328283949513.fddi action=saveAsProject node= auditAction=projectSaveAs
2025-08-09 22:11:45.278 AUDIT INFO  asyncSuccess | Saving As | project= action=async:Saving As node=New Program auditAction=asyncSuccess
2025-08-09 22:11:45.389 AUDIT INFO  projectSave | fdd-mru-a12625607328283949513.fddi | project=/var/folders/_p/z_z_y3qn0yl_5g7v1sybhcj00000gn/T/fdd-mru-a12625607328283949513.fddi action=saveProject node= auditAction=projectSave
2025-08-09 22:11:45.390 AUDIT INFO  asyncSuccess | Saving | project=/var/folders/_p/z_z_y3qn0yl_5g7v1sybhcj00000gn/T/fdd-mru-a12625607328283949513.fddi action=async:Saving node=New Program auditAction=asyncSuccess
2025-08-09 22:11:45.433 AUDIT INFO  projectNew | New Program | project=<unsaved> action=newProject node= auditAction=projectNew
2025-08-09 22:11:45.602 AUDIT INFO  projectSaveAs | fddtest-90c465de-0c17-40e4-86b4-7560d8618d037149608015252165863.fddi | project=/var/folders/_p/z_z_y3qn0yl_5g7v1sybhcj00000gn/T/fddtest-90c465de-0c17-40e4-86b4-7560d8618d037149608015252165863.fddi action=saveAsProject node= auditAction=projectSaveAs
2025-08-09 22:11:45.834 AUDIT INFO  projectSave | fddtest-90c465de-0c17-40e4-86b4-7560d8618d037149608015252165863.fddi | project=/var/folders/_p/z_z_y3qn0yl_5g7v1sybhcj00000gn/T/fddtest-90c465de-0c17-40e4-86b4-7560d8618d037149608015252165863.fddi action=saveProject node= auditAction=projectSave
2025-08-09 22:11:45.950 AUDIT INFO  projectNew | New Program | project=<unsaved> action=newProject node= auditAction=projectNew
2025-08-09 22:11:46.101 AUDIT INFO  projectSaveAs | fdd-open-silent15523397598766243856.fddi | project=/var/folders/_p/z_z_y3qn0yl_5g7v1sybhcj00000gn/T/fdd-open-silent15523397598766243856.fddi action=saveAsProject node= auditAction=projectSaveAs
2025-08-09 22:11:46.102 AUDIT INFO  asyncSuccess | Saving As | project= action=async:Saving As node=New Program auditAction=asyncSuccess
2025-08-09 22:11:46.145 AUDIT INFO  projectOpen | fdd-open-silent15523397598766243856.fddi | project=/var/folders/_p/z_z_y3qn0yl_5g7v1sybhcj00000gn/T/fdd-open-silent15523397598766243856.fddi action=openProject node= auditAction=projectOpen
2025-08-09 22:11:46.273 AUDIT INFO  projectSave | fdd-open-silent15523397598766243856.fddi | project=/var/folders/_p/z_z_y3qn0yl_5g7v1sybhcj00000gn/T/fdd-open-silent15523397598766243856.fddi action=saveProject node= auditAction=projectSave
2025-08-09 22:11:46.273 AUDIT INFO  asyncSuccess | Saving | project=/var/folders/_p/z_z_y3qn0yl_5g7v1sybhcj00000gn/T/fdd-open-silent15523397598766243856.fddi action=async:Saving node=New Program auditAction=asyncSuccess
2025-08-09 22:11:46.317 AUDIT INFO  projectNew | New Program | project=<unsaved> action=newProject node= auditAction=projectNew
2025-08-09 22:11:46.325 AUDIT INFO  projectNew | New Program | project=<unsaved> action=newProject node= auditAction=projectNew
2025-08-09 22:11:46.332 AUDIT INFO  projectNew | New Program | project=<unsaved> action=newProject node= auditAction=projectNew
2025-08-09 22:11:46.502 AUDIT INFO  projectNew | New Program | project=<unsaved> action=newProject node= auditAction=projectNew
2025-08-09 22:11:46.511 AUDIT INFO  projectNew | New Program | project=<unsaved> action=newProject node= auditAction=projectNew
2025-08-09 22:11:46.644 AUDIT INFO  projectSaveAs | fdd-mru-order-a13899360573461358945.fddi | project=/var/folders/_p/z_z_y3qn0yl_5g7v1sybhcj00000gn/T/fdd-mru-order-a13899360573461358945.fddi action=saveAsProject node= auditAction=projectSaveAs
2025-08-09 22:11:46.644 AUDIT INFO  asyncSuccess | Saving As | project= action=async:Saving As node=New Program auditAction=asyncSuccess
2025-08-09 22:11:46.779 AUDIT INFO  projectSaveAs | fdd-mru-order-b10345767275562120301.fddi | project=/var/folders/_p/z_z_y3qn0yl_5g7v1sybhcj00000gn/T/fdd-mru-order-b10345767275562120301.fddi action=saveAsProject node= auditAction=projectSaveAs
2025-08-09 22:11:46.781 AUDIT INFO  asyncSuccess | Saving As | project=/var/folders/_p/z_z_y3qn0yl_5g7v1sybhcj00000gn/T/fdd-mru-order-a13899360573461358945.fddi action=async:Saving As node=New Program auditAction=asyncSuccess
2025-08-09 22:11:46.827 AUDIT INFO  projectNew | New Program | project=<unsaved> action=newProject node= auditAction=projectNew
2025-08-09 22:11:47.420 AUDIT INFO  commandExecute | Move P to B | project= action=execute:Move P to B node=X auditAction=commandExecute
2025-08-09 22:11:47.420 AUDIT INFO  nodeMove | Move P to B | project= action=execute:Move P to B node=X auditAction=nodeMove
2025-08-09 22:11:47.420 AUDIT INFO  commandUndo | Move P to B | project= action=undo:Move P to B node=X auditAction=commandUndo
2025-08-09 22:11:47.420 AUDIT INFO  commandRedo | Move P to B | project= action=redo:Move P to B node=X auditAction=commandRedo
2025-08-09 22:13:16.264 AUDIT INFO  projectOpen | simple.xml | project=/Volumes/X9Pro/Local/Programming/Java/FDD.Tools/src/main/resources/simple.xml action=openProject node= auditAction=projectOpen
2025-08-09 22:13:32.172 AUDIT INFO  projectSaveAs | simple.fddi | project=/Users/vds/Desktop/simple.fddi action=saveAsProject node= auditAction=projectSaveAs
2025-08-09 22:13:32.174 AUDIT INFO  asyncSuccess | Saving As | project=/Volumes/X9Pro/Local/Programming/Java/FDD.Tools/src/main/resources/simple.xml action=async:Saving As node=Actvity 1 auditAction=asyncSuccess
2025-08-09 22:13:37.045 AUDIT INFO  projectSave | simple.fddi | project=/Users/vds/Desktop/simple.fddi action=saveProject node= auditAction=projectSave
2025-08-09 22:13:37.046 AUDIT INFO  asyncSuccess | Saving | project=/Users/vds/Desktop/simple.fddi action=async:Saving node=Actvity 1 auditAction=asyncSuccess
2025-08-09 22:13:48.585 AUDIT INFO  asyncSuccess | Test | project= action=async:Test node= auditAction=asyncSuccess
2025-08-09 22:13:48.891 AUDIT INFO  asyncSuccess | Loading | project= action=async:Loading node= auditAction=asyncSuccess
2025-08-09 22:13:48.984 AUDIT INFO  asyncFailure | Fail: RuntimeException | project= action=async:Fail node= auditAction=asyncFailure
2025-08-09 22:14:06.593 AUDIT INFO  projectNew | New Program | project=<unsaved> action=newProject node= auditAction=projectNew
2025-08-09 22:14:06.610 AUDIT INFO  projectNew | New Program | project=<unsaved> action=newProject node= auditAction=projectNew
2025-08-09 22:14:06.830 AUDIT INFO  projectSaveAs | fdd-mru-a17053805873333664792.fddi | project=/var/folders/_p/z_z_y3qn0yl_5g7v1sybhcj00000gn/T/fdd-mru-a17053805873333664792.fddi action=saveAsProject node= auditAction=projectSaveAs
2025-08-09 22:14:06.833 AUDIT INFO  asyncSuccess | Saving As | project= action=async:Saving As node=New Program auditAction=asyncSuccess
2025-08-09 22:14:06.955 AUDIT INFO  projectSave | fdd-mru-a17053805873333664792.fddi | project=/var/folders/_p/z_z_y3qn0yl_5g7v1sybhcj00000gn/T/fdd-mru-a17053805873333664792.fddi action=saveProject node= auditAction=projectSave
2025-08-09 22:14:06.955 AUDIT INFO  asyncSuccess | Saving | project=/var/folders/_p/z_z_y3qn0yl_5g7v1sybhcj00000gn/T/fdd-mru-a17053805873333664792.fddi action=async:Saving node=New Program auditAction=asyncSuccess
2025-08-09 22:14:06.998 AUDIT INFO  projectNew | New Program | project=<unsaved> action=newProject node= auditAction=projectNew
2025-08-09 22:14:07.162 AUDIT INFO  projectSaveAs | fddtest-774597bb-7ed1-4651-974c-0f7df022b40812416390840653011733.fddi | project=/var/folders/_p/z_z_y3qn0yl_5g7v1sybhcj00000gn/T/fddtest-774597bb-7ed1-4651-974c-0f7df022b40812416390840653011733.fddi action=saveAsProject node= auditAction=projectSaveAs
2025-08-09 22:14:07.383 AUDIT INFO  projectSave | fddtest-774597bb-7ed1-4651-974c-0f7df022b40812416390840653011733.fddi | project=/var/folders/_p/z_z_y3qn0yl_5g7v1sybhcj00000gn/T/fddtest-774597bb-7ed1-4651-974c-0f7df022b40812416390840653011733.fddi action=saveProject node= auditAction=projectSave
2025-08-09 22:14:07.497 AUDIT INFO  projectNew | New Program | project=<unsaved> action=newProject node= auditAction=projectNew
2025-08-09 22:14:07.641 AUDIT INFO  projectSaveAs | fdd-open-silent15820504477155354935.fddi | project=/var/folders/_p/z_z_y3qn0yl_5g7v1sybhcj00000gn/T/fdd-open-silent15820504477155354935.fddi action=saveAsProject node= auditAction=projectSaveAs
2025-08-09 22:14:07.642 AUDIT INFO  asyncSuccess | Saving As | project= action=async:Saving As node=New Program auditAction=asyncSuccess
2025-08-09 22:14:07.687 AUDIT INFO  projectOpen | fdd-open-silent15820504477155354935.fddi | project=/var/folders/_p/z_z_y3qn0yl_5g7v1sybhcj00000gn/T/fdd-open-silent15820504477155354935.fddi action=openProject node= auditAction=projectOpen
2025-08-09 22:14:07.816 AUDIT INFO  projectSave | fdd-open-silent15820504477155354935.fddi | project=/var/folders/_p/z_z_y3qn0yl_5g7v1sybhcj00000gn/T/fdd-open-silent15820504477155354935.fddi action=saveProject node= auditAction=projectSave
2025-08-09 22:14:07.816 AUDIT INFO  asyncSuccess | Saving | project=/var/folders/_p/z_z_y3qn0yl_5g7v1sybhcj00000gn/T/fdd-open-silent15820504477155354935.fddi action=async:Saving node=New Program auditAction=asyncSuccess
2025-08-09 22:14:07.859 AUDIT INFO  projectNew | New Program | project=<unsaved> action=newProject node= auditAction=projectNew
2025-08-09 22:14:07.867 AUDIT INFO  projectNew | New Program | project=<unsaved> action=newProject node= auditAction=projectNew
2025-08-09 22:14:07.873 AUDIT INFO  projectNew | New Program | project=<unsaved> action=newProject node= auditAction=projectNew
2025-08-09 22:14:08.035 AUDIT INFO  projectNew | New Program | project=<unsaved> action=newProject node= auditAction=projectNew
2025-08-09 22:14:08.041 AUDIT INFO  projectNew | New Program | project=<unsaved> action=newProject node= auditAction=projectNew
2025-08-09 22:14:08.160 AUDIT INFO  projectSaveAs | fdd-mru-order-a2258004870282218819.fddi | project=/var/folders/_p/z_z_y3qn0yl_5g7v1sybhcj00000gn/T/fdd-mru-order-a2258004870282218819.fddi action=saveAsProject node= auditAction=projectSaveAs
2025-08-09 22:14:08.161 AUDIT INFO  asyncSuccess | Saving As | project= action=async:Saving As node=New Program auditAction=asyncSuccess
2025-08-09 22:14:08.296 AUDIT INFO  projectSaveAs | fdd-mru-order-b17915798414414043846.fddi | project=/var/folders/_p/z_z_y3qn0yl_5g7v1sybhcj00000gn/T/fdd-mru-order-b17915798414414043846.fddi action=saveAsProject node= auditAction=projectSaveAs
2025-08-09 22:14:08.297 AUDIT INFO  asyncSuccess | Saving As | project=/var/folders/_p/z_z_y3qn0yl_5g7v1sybhcj00000gn/T/fdd-mru-order-a2258004870282218819.fddi action=async:Saving As node=New Program auditAction=asyncSuccess
2025-08-09 22:14:08.349 AUDIT INFO  projectNew | New Program | project=<unsaved> action=newProject node= auditAction=projectNew
2025-08-09 22:14:08.923 AUDIT INFO  commandExecute | Move P to B | project= action=execute:Move P to B node=X auditAction=commandExecute
2025-08-09 22:14:08.923 AUDIT INFO  nodeMove | Move P to B | project= action=execute:Move P to B node=X auditAction=nodeMove
2025-08-09 22:14:08.923 AUDIT INFO  commandUndo | Move P to B | project= action=undo:Move P to B node=X auditAction=commandUndo
2025-08-09 22:14:08.923 AUDIT INFO  commandRedo | Move P to B | project= action=redo:Move P to B node=X auditAction=commandRedo
2025-08-09 22:22:17.837 AUDIT INFO  projectNew | New Program | project=<unsaved> action=newProject node= auditAction=projectNew
2025-08-09 22:22:17.957 AUDIT INFO  projectOpen | fdd-regression-existing16527663527086008791.fddi | project=/var/folders/_p/z_z_y3qn0yl_5g7v1sybhcj00000gn/T/fdd-regression-existing16527663527086008791.fddi action=openProject node= auditAction=projectOpen
2025-08-09 22:22:18.112 AUDIT INFO  projectSave | fdd-regression-existing16527663527086008791.fddi | project=/var/folders/_p/z_z_y3qn0yl_5g7v1sybhcj00000gn/T/fdd-regression-existing16527663527086008791.fddi action=saveProject node= auditAction=projectSave
2025-08-09 22:22:18.116 AUDIT INFO  asyncSuccess | Saving | project=/var/folders/_p/z_z_y3qn0yl_5g7v1sybhcj00000gn/T/fdd-regression-existing16527663527086008791.fddi action=async:Saving node=Existing Program auditAction=asyncSuccess
2025-08-09 22:22:18.153 AUDIT INFO  projectOpen | fdd-regression-existing16527663527086008791.fddi | project=/var/folders/_p/z_z_y3qn0yl_5g7v1sybhcj00000gn/T/fdd-regression-existing16527663527086008791.fddi action=openProject node= auditAction=projectOpen
2025-08-09 22:22:34.485 AUDIT INFO  projectNew | New Program | project=<unsaved> action=newProject node= auditAction=projectNew
2025-08-09 22:22:34.503 AUDIT INFO  projectNew | New Program | project=<unsaved> action=newProject node= auditAction=projectNew
2025-08-09 22:22:34.717 AUDIT INFO  projectSaveAs | fdd-mru-a14982823325851953448.fddi | project=/var/folders/_p/z_z_y3qn0yl_5g7v1sybhcj00000gn/T/fdd-mru-a14982823325851953448.fddi action=saveAsProject node= auditAction=projectSaveAs
2025-08-09 22:22:34.721 AUDIT INFO  asyncSuccess | Saving As | project= action=async:Saving As node=New Program auditAction=asyncSuccess
2025-08-09 22:22:34.851 AUDIT INFO  projectSave | fdd-mru-a14982823325851953448.fddi | project=/var/folders/_p/z_z_y3qn0yl_5g7v1sybhcj00000gn/T/fdd-mru-a14982823325851953448.fddi action=saveProject node= auditAction=projectSave
2025-08-09 22:22:34.851 AUDIT INFO  asyncSuccess | Saving | project=/var/folders/_p/z_z_y3qn0yl_5g7v1sybhcj00000gn/T/fdd-mru-a14982823325851953448.fddi action=async:Saving node=New Program auditAction=asyncSuccess
2025-08-09 22:22:34.895 AUDIT INFO  projectNew | New Program | project=<unsaved> action=newProject node= auditAction=projectNew
2025-08-09 22:22:35.072 AUDIT INFO  projectSaveAs | fddtest-06ab7965-ec47-413d-8bbf-923677edcbe7300795990989151287.fddi | project=/var/folders/_p/z_z_y3qn0yl_5g7v1sybhcj00000gn/T/fddtest-06ab7965-ec47-413d-8bbf-923677edcbe7300795990989151287.fddi action=saveAsProject node= auditAction=projectSaveAs
2025-08-09 22:22:35.296 AUDIT INFO  projectSave | fddtest-06ab7965-ec47-413d-8bbf-923677edcbe7300795990989151287.fddi | project=/var/folders/_p/z_z_y3qn0yl_5g7v1sybhcj00000gn/T/fddtest-06ab7965-ec47-413d-8bbf-923677edcbe7300795990989151287.fddi action=saveProject node= auditAction=projectSave
2025-08-09 22:22:35.419 AUDIT INFO  projectNew | New Program | project=<unsaved> action=newProject node= auditAction=projectNew
2025-08-09 22:22:35.581 AUDIT INFO  projectSaveAs | fdd-open-silent17626364745288558415.fddi | project=/var/folders/_p/z_z_y3qn0yl_5g7v1sybhcj00000gn/T/fdd-open-silent17626364745288558415.fddi action=saveAsProject node= auditAction=projectSaveAs
2025-08-09 22:22:35.582 AUDIT INFO  asyncSuccess | Saving As | project= action=async:Saving As node=New Program auditAction=asyncSuccess
2025-08-09 22:22:35.611 AUDIT INFO  projectOpen | fdd-open-silent17626364745288558415.fddi | project=/var/folders/_p/z_z_y3qn0yl_5g7v1sybhcj00000gn/T/fdd-open-silent17626364745288558415.fddi action=openProject node= auditAction=projectOpen
2025-08-09 22:22:35.733 AUDIT INFO  projectSave | fdd-open-silent17626364745288558415.fddi | project=/var/folders/_p/z_z_y3qn0yl_5g7v1sybhcj00000gn/T/fdd-open-silent17626364745288558415.fddi action=saveProject node= auditAction=projectSave
2025-08-09 22:22:35.734 AUDIT INFO  asyncSuccess | Saving | project=/var/folders/_p/z_z_y3qn0yl_5g7v1sybhcj00000gn/T/fdd-open-silent17626364745288558415.fddi action=async:Saving node=New Program auditAction=asyncSuccess
2025-08-09 22:22:35.782 AUDIT INFO  projectNew | New Program | project=<unsaved> action=newProject node= auditAction=projectNew
2025-08-09 22:22:35.788 AUDIT INFO  projectNew | New Program | project=<unsaved> action=newProject node= auditAction=projectNew
2025-08-09 22:22:35.794 AUDIT INFO  projectNew | New Program | project=<unsaved> action=newProject node= auditAction=projectNew
2025-08-09 22:22:35.959 AUDIT INFO  projectNew | New Program | project=<unsaved> action=newProject node= auditAction=projectNew
2025-08-09 22:22:35.967 AUDIT INFO  projectNew | New Program | project=<unsaved> action=newProject node= auditAction=projectNew
2025-08-09 22:22:36.098 AUDIT INFO  projectSaveAs | fdd-mru-order-a18374154219366464047.fddi | project=/var/folders/_p/z_z_y3qn0yl_5g7v1sybhcj00000gn/T/fdd-mru-order-a18374154219366464047.fddi action=saveAsProject node= auditAction=projectSaveAs
2025-08-09 22:22:36.099 AUDIT INFO  asyncSuccess | Saving As | project= action=async:Saving As node=New Program auditAction=asyncSuccess
2025-08-09 22:22:36.242 AUDIT INFO  projectSaveAs | fdd-mru-order-b12527463482886016336.fddi | project=/var/folders/_p/z_z_y3qn0yl_5g7v1sybhcj00000gn/T/fdd-mru-order-b12527463482886016336.fddi action=saveAsProject node= auditAction=projectSaveAs
2025-08-09 22:22:36.243 AUDIT INFO  asyncSuccess | Saving As | project=/var/folders/_p/z_z_y3qn0yl_5g7v1sybhcj00000gn/T/fdd-mru-order-a18374154219366464047.fddi action=async:Saving As node=New Program auditAction=asyncSuccess
2025-08-09 22:22:36.281 AUDIT INFO  projectNew | New Program | project=<unsaved> action=newProject node= auditAction=projectNew
2025-08-09 22:22:36.294 AUDIT INFO  projectNew | New Program | project=<unsaved> action=newProject node= auditAction=projectNew
2025-08-09 22:22:36.303 AUDIT INFO  projectOpen | fdd-regression-existing12625349667673122503.fddi | project=/var/folders/_p/z_z_y3qn0yl_5g7v1sybhcj00000gn/T/fdd-regression-existing12625349667673122503.fddi action=openProject node= auditAction=projectOpen
2025-08-09 22:22:36.446 AUDIT INFO  projectSave | fdd-regression-existing12625349667673122503.fddi | project=/var/folders/_p/z_z_y3qn0yl_5g7v1sybhcj00000gn/T/fdd-regression-existing12625349667673122503.fddi action=saveProject node= auditAction=projectSave
2025-08-09 22:22:36.446 AUDIT INFO  asyncSuccess | Saving | project=/var/folders/_p/z_z_y3qn0yl_5g7v1sybhcj00000gn/T/fdd-regression-existing12625349667673122503.fddi action=async:Saving node=Existing Program auditAction=asyncSuccess
2025-08-09 22:22:36.494 AUDIT INFO  projectOpen | fdd-regression-existing12625349667673122503.fddi | project=/var/folders/_p/z_z_y3qn0yl_5g7v1sybhcj00000gn/T/fdd-regression-existing12625349667673122503.fddi action=openProject node= auditAction=projectOpen
2025-08-09 22:22:37.076 AUDIT INFO  commandExecute | Move P to B | project=/var/folders/_p/z_z_y3qn0yl_5g7v1sybhcj00000gn/T/fdd-regression-existing12625349667673122503.fddi action=execute:Move P to B node=Existing Program auditAction=commandExecute
2025-08-09 22:22:37.076 AUDIT INFO  nodeMove | Move P to B | project=/var/folders/_p/z_z_y3qn0yl_5g7v1sybhcj00000gn/T/fdd-regression-existing12625349667673122503.fddi action=execute:Move P to B node=Existing Program auditAction=nodeMove
2025-08-09 22:22:37.077 AUDIT INFO  commandUndo | Move P to B | project=/var/folders/_p/z_z_y3qn0yl_5g7v1sybhcj00000gn/T/fdd-regression-existing12625349667673122503.fddi action=undo:Move P to B node=Existing Program auditAction=commandUndo
2025-08-09 22:22:37.077 AUDIT INFO  commandRedo | Move P to B | project=/var/folders/_p/z_z_y3qn0yl_5g7v1sybhcj00000gn/T/fdd-regression-existing12625349667673122503.fddi action=redo:Move P to B node=Existing Program auditAction=commandRedo
2025-08-09 22:33:31.579 AUDIT INFO  projectNew | New Program | project=<unsaved> action=newProject node= auditAction=projectNew
2025-08-09 22:33:31.672 AUDIT INFO  projectNew | New Program | project=<unsaved> action=newProject node= auditAction=projectNew
2025-08-09 22:33:31.694 AUDIT INFO  projectOpen | fdd-regression-existing5790395165978353759.fddi | project=/var/folders/_p/z_z_y3qn0yl_5g7v1sybhcj00000gn/T/fdd-regression-existing5790395165978353759.fddi action=openProject node= auditAction=projectOpen
2025-08-09 22:33:31.850 AUDIT INFO  projectSave | fdd-regression-existing5790395165978353759.fddi | project=/var/folders/_p/z_z_y3qn0yl_5g7v1sybhcj00000gn/T/fdd-regression-existing5790395165978353759.fddi action=saveProject node= auditAction=projectSave
2025-08-09 22:33:31.853 AUDIT INFO  asyncSuccess | Saving | project=/var/folders/_p/z_z_y3qn0yl_5g7v1sybhcj00000gn/T/fdd-regression-existing5790395165978353759.fddi action=async:Saving node=Existing Program auditAction=asyncSuccess
2025-08-09 22:33:31.891 AUDIT INFO  projectOpen | fdd-regression-existing5790395165978353759.fddi | project=/var/folders/_p/z_z_y3qn0yl_5g7v1sybhcj00000gn/T/fdd-regression-existing5790395165978353759.fddi action=openProject node= auditAction=projectOpen
2025-08-09 22:36:05.853 AUDIT INFO  projectNew | New Program | project=<unsaved> action=newProject node= auditAction=projectNew
2025-08-09 22:36:05.953 AUDIT INFO  projectOpen | fdd-deep-hierarchy15636914817014393003.fddi | project=/var/folders/_p/z_z_y3qn0yl_5g7v1sybhcj00000gn/T/fdd-deep-hierarchy15636914817014393003.fddi action=openProject node= auditAction=projectOpen
2025-08-09 22:36:06.099 AUDIT INFO  asyncCancelled | Saving | project=/var/folders/_p/z_z_y3qn0yl_5g7v1sybhcj00000gn/T/fdd-deep-hierarchy15636914817014393003.fddi action=async:Saving node=Deep Program auditAction=asyncCancelled
2025-08-09 22:39:56.228 AUDIT INFO  projectNew | New Program | project=<unsaved> action=newProject node= auditAction=projectNew
2025-08-09 22:39:56.326 AUDIT INFO  projectOpen | fdd-deep-hierarchy17677789023743161148.fddi | project=/var/folders/_p/z_z_y3qn0yl_5g7v1sybhcj00000gn/T/fdd-deep-hierarchy17677789023743161148.fddi action=openProject node= auditAction=projectOpen
2025-08-09 22:39:56.487 AUDIT INFO  projectSave | fdd-deep-hierarchy17677789023743161148.fddi | project=/var/folders/_p/z_z_y3qn0yl_5g7v1sybhcj00000gn/T/fdd-deep-hierarchy17677789023743161148.fddi action=saveProject node= auditAction=projectSave
2025-08-09 22:39:56.490 AUDIT INFO  asyncSuccess | Saving | project=/var/folders/_p/z_z_y3qn0yl_5g7v1sybhcj00000gn/T/fdd-deep-hierarchy17677789023743161148.fddi action=async:Saving node=Deep Program auditAction=asyncSuccess
2025-08-09 22:39:56.528 AUDIT INFO  projectOpen | fdd-deep-hierarchy17677789023743161148.fddi | project=/var/folders/_p/z_z_y3qn0yl_5g7v1sybhcj00000gn/T/fdd-deep-hierarchy17677789023743161148.fddi action=openProject node= auditAction=projectOpen
2025-08-09 22:40:14.571 AUDIT INFO  projectNew | New Program | project=<unsaved> action=newProject node= auditAction=projectNew
2025-08-09 22:40:14.660 AUDIT INFO  projectOpen | fdd-deep-hierarchy16904595243923731833.fddi | project=/var/folders/_p/z_z_y3qn0yl_5g7v1sybhcj00000gn/T/fdd-deep-hierarchy16904595243923731833.fddi action=openProject node= auditAction=projectOpen
2025-08-09 22:40:14.813 AUDIT INFO  projectSave | fdd-deep-hierarchy16904595243923731833.fddi | project=/var/folders/_p/z_z_y3qn0yl_5g7v1sybhcj00000gn/T/fdd-deep-hierarchy16904595243923731833.fddi action=saveProject node= auditAction=projectSave
2025-08-09 22:40:14.816 AUDIT INFO  asyncSuccess | Saving | project=/var/folders/_p/z_z_y3qn0yl_5g7v1sybhcj00000gn/T/fdd-deep-hierarchy16904595243923731833.fddi action=async:Saving node=Deep Program auditAction=asyncSuccess
2025-08-09 22:40:14.854 AUDIT INFO  projectOpen | fdd-deep-hierarchy16904595243923731833.fddi | project=/var/folders/_p/z_z_y3qn0yl_5g7v1sybhcj00000gn/T/fdd-deep-hierarchy16904595243923731833.fddi action=openProject node= auditAction=projectOpen
2025-08-09 22:40:14.870 AUDIT INFO  projectNew | New Program | project=<unsaved> action=newProject node= auditAction=projectNew
2025-08-09 22:40:14.884 AUDIT INFO  projectOpen | fdd-regression-existing11761462070832966495.fddi | project=/var/folders/_p/z_z_y3qn0yl_5g7v1sybhcj00000gn/T/fdd-regression-existing11761462070832966495.fddi action=openProject node= auditAction=projectOpen
2025-08-09 22:40:15.025 AUDIT INFO  projectSave | fdd-regression-existing11761462070832966495.fddi | project=/var/folders/_p/z_z_y3qn0yl_5g7v1sybhcj00000gn/T/fdd-regression-existing11761462070832966495.fddi action=saveProject node= auditAction=projectSave
2025-08-09 22:40:15.025 AUDIT INFO  asyncSuccess | Saving | project=/var/folders/_p/z_z_y3qn0yl_5g7v1sybhcj00000gn/T/fdd-regression-existing11761462070832966495.fddi action=async:Saving node=Existing Program auditAction=asyncSuccess
2025-08-09 22:40:15.070 AUDIT INFO  projectOpen | fdd-regression-existing11761462070832966495.fddi | project=/var/folders/_p/z_z_y3qn0yl_5g7v1sybhcj00000gn/T/fdd-regression-existing11761462070832966495.fddi action=openProject node= auditAction=projectOpen
2025-08-09 22:41:29.073 AUDIT INFO  projectNew | New Program | project=<unsaved> action=newProject node= auditAction=projectNew
2025-08-09 22:41:29.091 AUDIT INFO  projectNew | New Program | project=<unsaved> action=newProject node= auditAction=projectNew
2025-08-09 22:41:29.316 AUDIT INFO  projectSaveAs | fdd-mru-a15361917201947621653.fddi | project=/var/folders/_p/z_z_y3qn0yl_5g7v1sybhcj00000gn/T/fdd-mru-a15361917201947621653.fddi action=saveAsProject node= auditAction=projectSaveAs
2025-08-09 22:41:29.320 AUDIT INFO  asyncSuccess | Saving As | project= action=async:Saving As node=New Program auditAction=asyncSuccess
2025-08-09 22:41:29.441 AUDIT INFO  projectSave | fdd-mru-a15361917201947621653.fddi | project=/var/folders/_p/z_z_y3qn0yl_5g7v1sybhcj00000gn/T/fdd-mru-a15361917201947621653.fddi action=saveProject node= auditAction=projectSave
2025-08-09 22:41:29.441 AUDIT INFO  asyncSuccess | Saving | project=/var/folders/_p/z_z_y3qn0yl_5g7v1sybhcj00000gn/T/fdd-mru-a15361917201947621653.fddi action=async:Saving node=New Program auditAction=asyncSuccess
2025-08-09 22:41:29.485 AUDIT INFO  projectNew | New Program | project=<unsaved> action=newProject node= auditAction=projectNew
2025-08-09 22:41:29.659 AUDIT INFO  projectSaveAs | fddtest-d8fe0713-4f4c-4879-bca8-995bd8fba26914327963157177690136.fddi | project=/var/folders/_p/z_z_y3qn0yl_5g7v1sybhcj00000gn/T/fddtest-d8fe0713-4f4c-4879-bca8-995bd8fba26914327963157177690136.fddi action=saveAsProject node= auditAction=projectSaveAs
2025-08-09 22:41:29.883 AUDIT INFO  projectSave | fddtest-d8fe0713-4f4c-4879-bca8-995bd8fba26914327963157177690136.fddi | project=/var/folders/_p/z_z_y3qn0yl_5g7v1sybhcj00000gn/T/fddtest-d8fe0713-4f4c-4879-bca8-995bd8fba26914327963157177690136.fddi action=saveProject node= auditAction=projectSave
2025-08-09 22:41:29.995 AUDIT INFO  projectNew | New Program | project=<unsaved> action=newProject node= auditAction=projectNew
2025-08-09 22:41:30.136 AUDIT INFO  projectSaveAs | fdd-open-silent10516942177728787782.fddi | project=/var/folders/_p/z_z_y3qn0yl_5g7v1sybhcj00000gn/T/fdd-open-silent10516942177728787782.fddi action=saveAsProject node= auditAction=projectSaveAs
2025-08-09 22:41:30.137 AUDIT INFO  asyncSuccess | Saving As | project= action=async:Saving As node=New Program auditAction=asyncSuccess
2025-08-09 22:41:30.187 AUDIT INFO  projectOpen | fdd-open-silent10516942177728787782.fddi | project=/var/folders/_p/z_z_y3qn0yl_5g7v1sybhcj00000gn/T/fdd-open-silent10516942177728787782.fddi action=openProject node= auditAction=projectOpen
2025-08-09 22:41:30.314 AUDIT INFO  projectSave | fdd-open-silent10516942177728787782.fddi | project=/var/folders/_p/z_z_y3qn0yl_5g7v1sybhcj00000gn/T/fdd-open-silent10516942177728787782.fddi action=saveProject node= auditAction=projectSave
2025-08-09 22:41:30.315 AUDIT INFO  asyncSuccess | Saving | project=/var/folders/_p/z_z_y3qn0yl_5g7v1sybhcj00000gn/T/fdd-open-silent10516942177728787782.fddi action=async:Saving node=New Program auditAction=asyncSuccess
2025-08-09 22:41:30.356 AUDIT INFO  projectNew | New Program | project=<unsaved> action=newProject node= auditAction=projectNew
2025-08-09 22:41:30.364 AUDIT INFO  projectNew | New Program | project=<unsaved> action=newProject node= auditAction=projectNew
2025-08-09 22:41:30.370 AUDIT INFO  projectNew | New Program | project=<unsaved> action=newProject node= auditAction=projectNew
2025-08-09 22:41:30.535 AUDIT INFO  projectNew | New Program | project=<unsaved> action=newProject node= auditAction=projectNew
2025-08-09 22:41:30.544 AUDIT INFO  projectNew | New Program | project=<unsaved> action=newProject node= auditAction=projectNew
2025-08-09 22:41:30.676 AUDIT INFO  projectSaveAs | fdd-mru-order-a13013087817040834837.fddi | project=/var/folders/_p/z_z_y3qn0yl_5g7v1sybhcj00000gn/T/fdd-mru-order-a13013087817040834837.fddi action=saveAsProject node= auditAction=projectSaveAs
2025-08-09 22:41:30.677 AUDIT INFO  asyncSuccess | Saving As | project= action=async:Saving As node=New Program auditAction=asyncSuccess
2025-08-09 22:41:30.807 AUDIT INFO  projectSaveAs | fdd-mru-order-b11479604687583443801.fddi | project=/var/folders/_p/z_z_y3qn0yl_5g7v1sybhcj00000gn/T/fdd-mru-order-b11479604687583443801.fddi action=saveAsProject node= auditAction=projectSaveAs
2025-08-09 22:41:30.809 AUDIT INFO  asyncSuccess | Saving As | project=/var/folders/_p/z_z_y3qn0yl_5g7v1sybhcj00000gn/T/fdd-mru-order-a13013087817040834837.fddi action=async:Saving As node=New Program auditAction=asyncSuccess
2025-08-09 22:41:30.856 AUDIT INFO  projectNew | New Program | project=<unsaved> action=newProject node= auditAction=projectNew
2025-08-09 22:41:30.866 AUDIT INFO  projectNew | New Program | project=<unsaved> action=newProject node= auditAction=projectNew
2025-08-09 22:41:30.877 AUDIT INFO  projectOpen | fdd-deep-hierarchy4031167942551682979.fddi | project=/var/folders/_p/z_z_y3qn0yl_5g7v1sybhcj00000gn/T/fdd-deep-hierarchy4031167942551682979.fddi action=openProject node= auditAction=projectOpen
2025-08-09 22:41:31.021 AUDIT INFO  projectSave | fdd-deep-hierarchy4031167942551682979.fddi | project=/var/folders/_p/z_z_y3qn0yl_5g7v1sybhcj00000gn/T/fdd-deep-hierarchy4031167942551682979.fddi action=saveProject node= auditAction=projectSave
2025-08-09 22:41:31.022 AUDIT INFO  asyncSuccess | Saving | project=/var/folders/_p/z_z_y3qn0yl_5g7v1sybhcj00000gn/T/fdd-deep-hierarchy4031167942551682979.fddi action=async:Saving node=Deep Program auditAction=asyncSuccess
2025-08-09 22:41:31.065 AUDIT INFO  projectOpen | fdd-deep-hierarchy4031167942551682979.fddi | project=/var/folders/_p/z_z_y3qn0yl_5g7v1sybhcj00000gn/T/fdd-deep-hierarchy4031167942551682979.fddi action=openProject node= auditAction=projectOpen
2025-08-09 22:41:31.081 AUDIT INFO  projectNew | New Program | project=<unsaved> action=newProject node= auditAction=projectNew
2025-08-09 22:41:31.089 AUDIT INFO  projectOpen | fdd-regression-existing13353561670512843247.fddi | project=/var/folders/_p/z_z_y3qn0yl_5g7v1sybhcj00000gn/T/fdd-regression-existing13353561670512843247.fddi action=openProject node= auditAction=projectOpen
2025-08-09 22:41:31.226 AUDIT INFO  projectSave | fdd-regression-existing13353561670512843247.fddi | project=/var/folders/_p/z_z_y3qn0yl_5g7v1sybhcj00000gn/T/fdd-regression-existing13353561670512843247.fddi action=saveProject node= auditAction=projectSave
2025-08-09 22:41:31.226 AUDIT INFO  asyncSuccess | Saving | project=/var/folders/_p/z_z_y3qn0yl_5g7v1sybhcj00000gn/T/fdd-regression-existing13353561670512843247.fddi action=async:Saving node=Existing Program auditAction=asyncSuccess
2025-08-09 22:41:31.274 AUDIT INFO  projectOpen | fdd-regression-existing13353561670512843247.fddi | project=/var/folders/_p/z_z_y3qn0yl_5g7v1sybhcj00000gn/T/fdd-regression-existing13353561670512843247.fddi action=openProject node= auditAction=projectOpen
2025-08-09 22:41:31.851 AUDIT INFO  commandExecute | Move P to B | project=/var/folders/_p/z_z_y3qn0yl_5g7v1sybhcj00000gn/T/fdd-regression-existing13353561670512843247.fddi action=execute:Move P to B node=Existing Program auditAction=commandExecute
2025-08-09 22:41:31.851 AUDIT INFO  nodeMove | Move P to B | project=/var/folders/_p/z_z_y3qn0yl_5g7v1sybhcj00000gn/T/fdd-regression-existing13353561670512843247.fddi action=execute:Move P to B node=Existing Program auditAction=nodeMove
2025-08-09 22:41:31.851 AUDIT INFO  commandUndo | Move P to B | project=/var/folders/_p/z_z_y3qn0yl_5g7v1sybhcj00000gn/T/fdd-regression-existing13353561670512843247.fddi action=undo:Move P to B node=Existing Program auditAction=commandUndo
2025-08-09 22:41:31.851 AUDIT INFO  commandRedo | Move P to B | project=/var/folders/_p/z_z_y3qn0yl_5g7v1sybhcj00000gn/T/fdd-regression-existing13353561670512843247.fddi action=redo:Move P to B node=Existing Program auditAction=commandRedo
